[2024-12-18 00:49:21][SCUxcFJSJSaUpWpDkYuPIoDnpXbRQyWA] Processing: app\cq\Job\AsyncJob@task1
[2024-12-18 00:49:21][SCUxcFJSJSaUpWpDkYuPIoDnpXbRQyWA] Processed:  app\cq\Job\AsyncJob@task1
[2024-12-18 00:49:21][ePXBUOVHnhQKQuoGIDumItPvioFxcmPT] Processing: app\cq\Job\AsyncJob@task1
[2024-12-18 00:49:21][ePXBUOVHnhQKQuoGIDumItPvioFxcmPT] Processed:  app\cq\Job\AsyncJob@task1
[2024-12-18 00:49:22][fxQEQlJfRNqtbomeWMTEiKZQlWKqVChT] Processing: app\cq\Job\AsyncJob@task1
[2024-12-18 00:49:22][fxQEQlJfRNqtbomeWMTEiKZQlWKqVChT] Processed:  app\cq\Job\AsyncJob@task1
[2024-12-18 00:49:22][iLfuloIshpVRrjHQBiKndYiAEPYaQwNe] Processing: app\cq\Job\AsyncJob@task1
[2024-12-18 00:49:23][iLfuloIshpVRrjHQBiKndYiAEPYaQwNe] Processed:  app\cq\Job\AsyncJob@task1
[2024-12-18 00:49:23][EiLovAYPeHybcdRQTVbyilwCAYxfuDPU] Processing: app\cq\Job\AsyncJob@task1
[2024-12-18 00:49:23][EiLovAYPeHybcdRQTVbyilwCAYxfuDPU] Processed:  app\cq\Job\AsyncJob@task1
[2024-12-18 00:49:24][yxafGlvKLyInqcCkCmmjXiqYaGdVSgxO] Processing: app\cq\Job\AsyncJob@task1
[2024-12-18 00:49:24][yxafGlvKLyInqcCkCmmjXiqYaGdVSgxO] Processed:  app\cq\Job\AsyncJob@task1
[2024-12-18 00:49:24][QAiHpVELBEgqRNVxGiayYQldOIyWGqZB] Processing: app\cq\Job\AsyncJob@task1
[2024-12-18 00:49:24][QAiHpVELBEgqRNVxGiayYQldOIyWGqZB] Processed:  app\cq\Job\AsyncJob@task1
[2024-12-18 00:49:25][DclwGyFLLinvHMTbfOrAiPqVBWhlewQy] Processing: app\cq\Job\AsyncJob@task1
[2024-12-18 00:49:25][DclwGyFLLinvHMTbfOrAiPqVBWhlewQy] Processed:  app\cq\Job\AsyncJob@task1
[2024-12-18 00:49:25][cxkTNajEpYWSpIhjPDVnOfMVhLpZJpfv] Processing: app\cq\Job\AsyncJob@task1
[2024-12-18 00:49:25][cxkTNajEpYWSpIhjPDVnOfMVhLpZJpfv] Processed:  app\cq\Job\AsyncJob@task1
[2024-12-18 00:49:26][lqYIewVoWACyHnTctDDQiHfNsOVxMfCR] Processing: app\cq\Job\AsyncJob@task1
[2024-12-18 00:49:26][lqYIewVoWACyHnTctDDQiHfNsOVxMfCR] Processed:  app\cq\Job\AsyncJob@task1
[2024-12-18 00:49:26][JCnYuuDWSXTTyZTbXOefQZRWNkyIMOja] Processing: app\cq\Job\AsyncJob@task1
[2024-12-18 00:49:26][JCnYuuDWSXTTyZTbXOefQZRWNkyIMOja] Processed:  app\cq\Job\AsyncJob@task1
[2024-12-18 00:49:27][SKxxcWuqQRdmHUhCCcPBjriKCsRsvknG] Processing: app\cq\Job\AsyncJob@task1
[2024-12-18 00:49:27][SKxxcWuqQRdmHUhCCcPBjriKCsRsvknG] Processed:  app\cq\Job\AsyncJob@task1
[2024-12-18 00:49:27][OTVvFhaEgffvwgRkRmsRWXixsUrhLSax] Processing: app\cq\Job\AsyncJob@task1
[2024-12-18 00:49:28][OTVvFhaEgffvwgRkRmsRWXixsUrhLSax] Processed:  app\cq\Job\AsyncJob@task1
[2024-12-18 00:49:28][KnIacEhTtEitCwbbrdjNvoWRjUJfxYkT] Processing: app\cq\Job\AsyncJob@task1
[2024-12-18 00:49:28][KnIacEhTtEitCwbbrdjNvoWRjUJfxYkT] Processed:  app\cq\Job\AsyncJob@task1
[2024-12-18 00:49:29][WFpUvCLqOISrGZujSjiZQEFEvOkjiSdH] Processing: app\cq\Job\AsyncJob@task1
[2024-12-18 00:49:29][WFpUvCLqOISrGZujSjiZQEFEvOkjiSdH] Processed:  app\cq\Job\AsyncJob@task1
